GROUP,PACKAGE,CLASS,INSTRUCTION_MISSED,INSTRUCTION_COVERED,BRANCH_MISSED,BRANCH_COVERED,LINE_MISSED,LINE_COVERED,COMPLEXITY_MISSED,COMPLEXITY_COVERED,METHOD_MISSED,METHOD_COVERED
diplomaturaUTN,com.utn.diplomaturautn.repositroy.impl,CustomRepositoryImpl,5,8,0,0,2,3,1,1,1,1
diplomaturaUTN,com.utn.diplomaturautn.filter,JwtAuthorizationFilter,48,9,6,0,10,4,4,1,1,1
diplomaturaUTN,com.utn.diplomaturautn.enumerated,ClientCondition,0,21,0,0,0,2,0,1,0,1
diplomaturaUTN,com.utn.diplomaturautn.enumerated,EmployeeCondition,0,15,0,0,0,2,0,1,0,1
diplomaturaUTN,com.utn.diplomaturautn.enumerated,UserType,0,21,0,0,0,2,0,1,0,1
diplomaturaUTN,com.utn.diplomaturautn.controller,ProvinceController,18,6,0,0,3,3,3,1,3,1
diplomaturaUTN,com.utn.diplomaturautn.controller,FeeController,11,6,0,0,2,3,2,1,2,1
diplomaturaUTN,com.utn.diplomaturautn.controller,CallController,70,12,0,0,17,5,5,1,5,1
diplomaturaUTN,com.utn.diplomaturautn.controller,PersonController,192,27,0,0,42,10,16,1,16,1
diplomaturaUTN,com.utn.diplomaturautn.controller,BillController,34,9,0,0,8,4,4,1,4,1
diplomaturaUTN,com.utn.diplomaturautn.model,Client,75,143,13,13,21,33,19,13,8,11
diplomaturaUTN,com.utn.diplomaturautn.model,Employee,67,113,11,9,20,28,17,10,8,9
diplomaturaUTN,com.utn.diplomaturautn.model,Phone.PhoneBuilder,6,21,0,0,0,1,1,4,1,4
diplomaturaUTN,com.utn.diplomaturautn.model,City.CityBuilder,22,32,0,0,0,1,3,5,3,5
diplomaturaUTN,com.utn.diplomaturautn.model,Client.ClientBuilder,22,77,0,0,0,1,1,12,1,12
diplomaturaUTN,com.utn.diplomaturautn.model,Call.CallBuilder,27,72,0,0,0,1,2,11,2,11
diplomaturaUTN,com.utn.diplomaturautn.model,Bill.BillBuilder,14,49,0,0,0,1,1,8,1,8
diplomaturaUTN,com.utn.diplomaturautn.model,Employee.EmployeeBuilder,20,70,0,0,0,1,1,11,1,11
diplomaturaUTN,com.utn.diplomaturautn.model,Bill,173,122,34,4,7,10,29,11,10,11
diplomaturaUTN,com.utn.diplomaturautn.model,Call,275,202,62,8,11,14,47,17,12,17
diplomaturaUTN,com.utn.diplomaturautn.model,Province.ProvinceBuilder,13,23,0,0,0,1,2,4,2,4
diplomaturaUTN,com.utn.diplomaturautn.model,Fee,186,127,39,5,8,10,32,11,10,11
diplomaturaUTN,com.utn.diplomaturautn.model,City,70,170,23,17,0,9,25,12,6,11
diplomaturaUTN,com.utn.diplomaturautn.model,User,28,101,8,16,4,16,10,12,2,8
diplomaturaUTN,com.utn.diplomaturautn.model,Fee.FeeBuilder,14,49,0,0,0,1,1,8,1,8
diplomaturaUTN,com.utn.diplomaturautn.model,Phone,25,86,7,9,0,6,9,10,3,8
diplomaturaUTN,com.utn.diplomaturautn.model,Person,33,35,0,0,3,6,3,10,3,10
diplomaturaUTN,com.utn.diplomaturautn.model,Province,42,112,13,11,0,7,15,10,4,9
diplomaturaUTN,com.utn.diplomaturautn,DiplomaturaUtnApplication,5,3,0,0,2,1,1,1,1,1
diplomaturaUTN,com.utn.diplomaturautn.exception,InvalidCallException,0,9,0,0,0,4,0,2,0,2
diplomaturaUTN,com.utn.diplomaturautn.exception,NoContentException,0,4,0,0,0,2,0,1,0,1
diplomaturaUTN,com.utn.diplomaturautn.exception,InvalidDateException,0,4,0,0,0,2,0,1,0,1
diplomaturaUTN,com.utn.diplomaturautn.exception,ErrorSavingEntityException,0,4,0,0,0,2,0,1,0,1
diplomaturaUTN,com.utn.diplomaturautn.exception,ErrorObject.ErrorObjectBuilder,36,0,0,0,1,0,6,0,6,0
diplomaturaUTN,com.utn.diplomaturautn.exception,ApiExceptionHandler,93,3,0,0,28,1,7,1,7,1
diplomaturaUTN,com.utn.diplomaturautn.exception,InvalidBeanFieldsException,0,4,0,0,0,2,0,1,0,1
diplomaturaUTN,com.utn.diplomaturautn.exception,ErrorObject,117,54,27,3,2,5,23,5,8,5
diplomaturaUTN,com.utn.diplomaturautn.exception,InvalidPhoneException,4,0,0,0,2,0,1,0,1,0
diplomaturaUTN,com.utn.diplomaturautn.exception,InvalidBillRequest,4,0,0,0,2,0,1,0,1,0
diplomaturaUTN,com.utn.diplomaturautn.exception,ResourceNotFoundException,0,4,0,0,0,2,0,1,0,1
diplomaturaUTN,com.utn.diplomaturautn.exception,NothingToModifyException,0,4,0,0,0,2,0,1,0,1
diplomaturaUTN,com.utn.diplomaturautn.utils,Utils,3,20,0,4,1,5,1,3,1,1
diplomaturaUTN,com.utn.diplomaturautn.service.impl,ClientServiceImpl,35,138,4,14,8,33,3,15,1,8
diplomaturaUTN,com.utn.diplomaturautn.service.impl,FeeServiceImpl,0,45,0,6,0,13,0,6,0,3
diplomaturaUTN,com.utn.diplomaturautn.service.impl,PhoneServiceImpl,73,6,4,0,17,3,7,1,5,1
diplomaturaUTN,com.utn.diplomaturautn.service.impl,ProvinceServiceImpl,0,55,0,6,0,16,0,8,0,5
diplomaturaUTN,com.utn.diplomaturautn.service.impl,BillServiceImpl,118,45,10,6,26,13,10,6,5,3
diplomaturaUTN,com.utn.diplomaturautn.service.impl,CityServiceImpl,0,46,0,6,0,13,0,7,0,4
diplomaturaUTN,com.utn.diplomaturautn.service.impl,EmployeeServiceImpl,10,114,2,10,2,28,2,11,0,7
diplomaturaUTN,com.utn.diplomaturautn.service.impl,UserServiceImpl,0,46,0,6,0,13,0,6,0,3
diplomaturaUTN,com.utn.diplomaturautn.service.impl,JwtServiceImpl,85,13,4,0,23,4,7,2,5,2
diplomaturaUTN,com.utn.diplomaturautn.service.impl,CallServiceImpl,0,215,0,22,0,50,0,20,0,9
diplomaturaUTN,com.utn.diplomaturautn.config,WebSecurity,0,294,0,0,0,52,0,5,0,5
diplomaturaUTN,com.utn.diplomaturautn.config,SecurityBean,0,8,0,0,0,2,0,2,0,2
diplomaturaUTN,com.utn.diplomaturautn.dataTransferObject,CallDTO,197,0,32,0,8,0,31,0,15,0
diplomaturaUTN,com.utn.diplomaturautn.dataTransferObject,EmployeeDTO,92,0,16,0,6,0,17,0,9,0
diplomaturaUTN,com.utn.diplomaturautn.dataTransferObject,EmployeeResponseDTO,339,0,62,0,10,0,51,0,20,0
diplomaturaUTN,com.utn.diplomaturautn.dataTransferObject,FeeDTO,241,0,30,0,10,0,34,0,19,0
diplomaturaUTN,com.utn.diplomaturautn.dataTransferObject,CallResponseDTO,349,0,52,0,11,0,48,0,22,0
diplomaturaUTN,com.utn.diplomaturautn.dataTransferObject,CityDTO.CityDTOBuilder,54,0,0,0,1,0,8,0,8,0
diplomaturaUTN,com.utn.diplomaturautn.dataTransferObject,CallDTO.CallDTOBuilder,45,0,0,0,1,0,7,0,7,0
diplomaturaUTN,com.utn.diplomaturautn.dataTransferObject,CityDTO,257,0,46,0,9,0,40,0,17,0
diplomaturaUTN,com.utn.diplomaturautn.dataTransferObject,ProvinceDTO,111,0,16,0,6,0,19,0,11,0
diplomaturaUTN,com.utn.diplomaturautn.dataTransferObject,ClientResponseDTO,382,0,70,0,11,0,57,0,22,0
diplomaturaUTN,com.utn.diplomaturautn.dataTransferObject,EmployeeDTO.EmployeeDTOBuilder,18,0,0,0,1,0,4,0,4,0
diplomaturaUTN,com.utn.diplomaturautn.dataTransferObject,FeeResponseDTO,245,0,40,0,8,0,36,0,16,0
diplomaturaUTN,com.utn.diplomaturautn.dataTransferObject,PersonDTO,219,0,34,0,8,0,33,0,16,0
diplomaturaUTN,com.utn.diplomaturautn.dataTransferObject,ProvinceDTO.ProvinceDTOBuilder,27,0,0,0,1,0,5,0,5,0
diplomaturaUTN,com.utn.diplomaturautn.dataTransferObject,ClientDTO.ClientDTOBuilder,90,0,0,0,1,0,12,0,12,0
diplomaturaUTN,com.utn.diplomaturautn.dataTransferObject,BillResponseDTO,228,0,34,0,8,0,33,0,16,0
diplomaturaUTN,com.utn.diplomaturautn.dataTransferObject,LoginDTO,128,0,22,0,6,0,22,0,11,0
diplomaturaUTN,com.utn.diplomaturautn.dataTransferObject,FeeDTO.FeeDTOBuilder,63,0,0,0,1,0,9,0,9,0
diplomaturaUTN,com.utn.diplomaturautn.dataTransferObject,ClientDTO,165,0,24,0,18,0,24,0,12,0
diplomaturaUTN,com.utn.diplomaturautn.dataTransferObject,LoginDTO.LoginDTOBuilder,27,0,0,0,1,0,5,0,5,0
diplomaturaUTN,com.utn.diplomaturautn.dataTransferObject,UserDTO,174,0,32,0,7,0,28,0,12,0
